-------------------------------------------------------------------------------
Test set: TestSuite
-------------------------------------------------------------------------------
Tests run: 5, Failures: 1, Errors: 0, Skipped: 2, Time elapsed: 7.361 s <<< FAILURE! - in TestSuite
initialTest(test.DashboardTests)  Time elapsed: 0.26 s  <<< FAILURE!
java.lang.NoClassDefFoundError: org/openqa/selenium/remote/SessionNotFoundException
	at test.DashboardTests.initialTest(DashboardTests.java:20)
Caused by: java.lang.ClassNotFoundException: org.openqa.selenium.remote.SessionNotFoundException
	at test.DashboardTests.initialTest(DashboardTests.java:20)

